[2018-01-12 18:57:50][debug] order:"https:\/\/t2s.refineit.cn\/xiaorui\/public\/wxpay\/example\/notify.php"
[2018-01-12 18:57:50][debug] jsApi:"{\"appId\":\"wxace91c55ce317972\",\"nonceStr\":\"ej4l3n5u2lewyiofgqh60hwx2dagoz28\",\"package\":\"prepay_id=wx201801121857518136d3322a0829154519\",\"signType\":\"MD5\",\"timeStamp\":\"1515754670\",\"paySign\":\"73C96EA938F1523A429369F2FEB4AE11\"}"
[2018-01-12 18:57:55][debug] begin notify
[2018-01-12 18:57:55][debug] call back:{"appid":"wxace91c55ce317972","attach":"1","bank_type":"CFT","cash_fee":"1","fee_type":"CNY","is_subscribe":"Y","mch_id":"1475245602","nonce_str":"wfvvek23e9md8qw2w5hp3a3aa1w64a3z","openid":"oFS2HwjEDz7buTAqbANWOiyVsBkg","out_trade_no":"XR1515754666","result_code":"SUCCESS","return_code":"SUCCESS","sign":"83CC7EF4B0802BE2D55EBE94ADFA7088","time_end":"20180112185755","total_fee":"1","trade_type":"JSAPI","transaction_id":"4200000058201801122849625851"}
[2018-01-12 18:57:55][debug] query:{"appid":"wxace91c55ce317972","attach":"1","bank_type":"CFT","cash_fee":"1","fee_type":"CNY","is_subscribe":"Y","mch_id":"1475245602","nonce_str":"s4hGcjMe79aXrgnF","openid":"oFS2HwjEDz7buTAqbANWOiyVsBkg","out_trade_no":"XR1515754666","result_code":"SUCCESS","return_code":"SUCCESS","return_msg":"OK","sign":"20CA6474ECD027B2458894C74D6685EE","time_end":"20180112185755","total_fee":"1","trade_state":"SUCCESS","trade_type":"JSAPI","transaction_id":"4200000058201801122849625851"}
[2018-01-12 19:01:59][debug] order:"https:\/\/t2s.refineit.cn\/xiaorui\/public\/wxpay\/example\/notify.php"
[2018-01-12 19:01:59][debug] jsApi:"{\"appId\":\"wxace91c55ce317972\",\"nonceStr\":\"pa7h0o11dnfcxntj6578dqfv7myv3fis\",\"package\":\"prepay_id=wx201801121902012fe08834fd0765923784\",\"signType\":\"MD5\",\"timeStamp\":\"1515754919\",\"paySign\":\"34260E838EC63846DAD76574FCC2A0F2\"}"
[2018-01-12 19:02:07][debug] begin notify
[2018-01-12 19:02:07][debug] call back:{"appid":"wxace91c55ce317972","attach":"1","bank_type":"CFT","cash_fee":"1","fee_type":"CNY","is_subscribe":"Y","mch_id":"1475245602","nonce_str":"pzf3ltvuyfxg58k2k5malwt4us38kx4b","openid":"oFS2HwjEDz7buTAqbANWOiyVsBkg","out_trade_no":"XR1515754915","result_code":"SUCCESS","return_code":"SUCCESS","sign":"650C31BBB1D3486C152C2A79C33E4AED","time_end":"20180112190207","total_fee":"1","trade_type":"JSAPI","transaction_id":"4200000062201801122786169321"}
[2018-01-12 19:02:07][debug] query:{"appid":"wxace91c55ce317972","attach":"1","bank_type":"CFT","cash_fee":"1","fee_type":"CNY","is_subscribe":"Y","mch_id":"1475245602","nonce_str":"usR947AdljtH6h2X","openid":"oFS2HwjEDz7buTAqbANWOiyVsBkg","out_trade_no":"XR1515754915","result_code":"SUCCESS","return_code":"SUCCESS","return_msg":"OK","sign":"E4148C904B54B836D0EBC8DDA935FAF0","time_end":"20180112190207","total_fee":"1","trade_state":"SUCCESS","trade_type":"JSAPI","transaction_id":"4200000062201801122786169321"}
[2018-01-12 19:05:08][debug] order:"https:\/\/t2s.refineit.cn\/xiaorui\/public\/wxpay\/example\/notify.php"
[2018-01-12 19:05:08][debug] jsApi:"{\"appId\":\"wxace91c55ce317972\",\"nonceStr\":\"ku9n512gady96qskt8m82cbjy3ig3frj\",\"package\":\"prepay_id=wx20180112190509ecf52e950c0718792453\",\"signType\":\"MD5\",\"timeStamp\":\"1515755108\",\"paySign\":\"0A78FDCD1AD6415AAA0232DF3F8E2972\"}"
[2018-01-12 19:05:13][debug] begin notify
[2018-01-12 19:05:13][debug] call back:{"appid":"wxace91c55ce317972","attach":"1","bank_type":"CFT","cash_fee":"1","fee_type":"CNY","is_subscribe":"Y","mch_id":"1475245602","nonce_str":"uecxg4r1s1t90avsofvymefl6axvljm1","openid":"oFS2HwjEDz7buTAqbANWOiyVsBkg","out_trade_no":"XR1515755103","result_code":"SUCCESS","return_code":"SUCCESS","sign":"C274B1B231775342F7493945A1F45189","time_end":"20180112190513","total_fee":"1","trade_type":"JSAPI","transaction_id":"4200000078201801122752036973"}
[2018-01-12 19:05:13][debug] query:{"appid":"wxace91c55ce317972","attach":"1","bank_type":"CFT","cash_fee":"1","fee_type":"CNY","is_subscribe":"Y","mch_id":"1475245602","nonce_str":"nhBhxndVIzKZloqh","openid":"oFS2HwjEDz7buTAqbANWOiyVsBkg","out_trade_no":"XR1515755103","result_code":"SUCCESS","return_code":"SUCCESS","return_msg":"OK","sign":"A0C41CD3AA21CD1C32925B511594F838","time_end":"20180112190514","total_fee":"1","trade_state":"SUCCESS","trade_type":"JSAPI","transaction_id":"4200000078201801122752036973"}
[2018-01-12 19:07:07][debug] order:"https:\/\/t2s.refineit.cn\/xiaorui\/public\/wxpay\/example\/notify.php"
[2018-01-12 19:07:07][debug] jsApi:"{\"appId\":\"wxace91c55ce317972\",\"nonceStr\":\"7ve90miidm1w05zuijnk5s4n6qnrkdto\",\"package\":\"prepay_id=wx201801121907080d745cf33d0581078521\",\"signType\":\"MD5\",\"timeStamp\":\"1515755227\",\"paySign\":\"79ACA9AD8DBCDD5371659DEDF7C170F8\"}"
[2018-01-12 19:07:13][debug] begin notify
[2018-01-12 19:07:13][debug] call back:{"appid":"wxace91c55ce317972","attach":"1","bank_type":"CFT","cash_fee":"1","fee_type":"CNY","is_subscribe":"Y","mch_id":"1475245602","nonce_str":"s3aopznsssyv50kdmrnhf35myntj8qv4","openid":"oFS2HwjEDz7buTAqbANWOiyVsBkg","out_trade_no":"XR1515755223","result_code":"SUCCESS","return_code":"SUCCESS","sign":"2F9F2F9587354254BC5C6DF4E5AB5B8F","time_end":"20180112190714","total_fee":"1","trade_type":"JSAPI","transaction_id":"4200000077201801122861417956"}
[2018-01-12 19:07:13][debug] query:{"appid":"wxace91c55ce317972","attach":"1","bank_type":"CFT","cash_fee":"1","fee_type":"CNY","is_subscribe":"Y","mch_id":"1475245602","nonce_str":"OntYnPTMMtTi0lj2","openid":"oFS2HwjEDz7buTAqbANWOiyVsBkg","out_trade_no":"XR1515755223","result_code":"SUCCESS","return_code":"SUCCESS","return_msg":"OK","sign":"F3646FDB030202E5D919FC555FAA1B83","time_end":"20180112190714","total_fee":"1","trade_state":"SUCCESS","trade_type":"JSAPI","transaction_id":"4200000077201801122861417956"}
[2018-01-12 19:10:57][debug] order:"https:\/\/t2s.refineit.cn\/xiaorui\/public\/wxpay\/example\/notify.php"
[2018-01-12 19:10:57][debug] jsApi:"{\"appId\":\"wxace91c55ce317972\",\"nonceStr\":\"lhg4lv4d0tbuhqh8occ3tf7j073f40sp\",\"package\":\"prepay_id=wx2018011219105874d7da22900270677706\",\"signType\":\"MD5\",\"timeStamp\":\"1515755457\",\"paySign\":\"AB8D29FA666DB6122082C3655D4D74D3\"}"
[2018-01-12 19:11:01][debug] begin notify
[2018-01-12 19:11:01][debug] call back:{"appid":"wxace91c55ce317972","attach":"1","bank_type":"CFT","cash_fee":"1","fee_type":"CNY","is_subscribe":"Y","mch_id":"1475245602","nonce_str":"p43yz5jikanq96g6icdvlpqqrtjbnje2","openid":"oFS2HwjEDz7buTAqbANWOiyVsBkg","out_trade_no":"XR1515755453","result_code":"SUCCESS","return_code":"SUCCESS","sign":"6586CD49B2FA5D2F455F8C6F959A925C","time_end":"20180112191102","total_fee":"1","trade_type":"JSAPI","transaction_id":"4200000058201801122749524377"}
[2018-01-12 19:11:02][debug] query:{"appid":"wxace91c55ce317972","attach":"1","bank_type":"CFT","cash_fee":"1","fee_type":"CNY","is_subscribe":"Y","mch_id":"1475245602","nonce_str":"kty7mMdL26QseKKt","openid":"oFS2HwjEDz7buTAqbANWOiyVsBkg","out_trade_no":"XR1515755453","result_code":"SUCCESS","return_code":"SUCCESS","return_msg":"OK","sign":"98B38A46E0D8BCD324D5355783088871","time_end":"20180112191102","total_fee":"1","trade_state":"SUCCESS","trade_type":"JSAPI","transaction_id":"4200000058201801122749524377"}
[2018-01-12 19:12:10][debug] order:"https:\/\/t2s.refineit.cn\/xiaorui\/public\/wxpay\/example\/notify.php"
[2018-01-12 19:12:10][debug] jsApi:"{\"appId\":\"wxace91c55ce317972\",\"nonceStr\":\"tm85ummoylvxd2mju90qgb277giwbd91\",\"package\":\"prepay_id=wx2018011219121186004153fc0560335683\",\"signType\":\"MD5\",\"timeStamp\":\"1515755530\",\"paySign\":\"5E503A665F5552F59D902012E9ED66BB\"}"
[2018-01-12 19:12:15][debug] begin notify
[2018-01-12 19:12:15][debug] call back:{"appid":"wxace91c55ce317972","attach":"1","bank_type":"CFT","cash_fee":"1","fee_type":"CNY","is_subscribe":"Y","mch_id":"1475245602","nonce_str":"k9ktvj3q54f1l3khu0wfovircbhxyysk","openid":"oFS2HwjEDz7buTAqbANWOiyVsBkg","out_trade_no":"XR1515755526","result_code":"SUCCESS","return_code":"SUCCESS","sign":"3CC2E8616220590C2E52EE253CB8F2EF","time_end":"20180112191215","total_fee":"1","trade_type":"JSAPI","transaction_id":"4200000067201801122851767444"}
[2018-01-12 19:12:15][debug] query:{"appid":"wxace91c55ce317972","attach":"1","bank_type":"CFT","cash_fee":"1","fee_type":"CNY","is_subscribe":"Y","mch_id":"1475245602","nonce_str":"2ir9Q3hFLtU6td7N","openid":"oFS2HwjEDz7buTAqbANWOiyVsBkg","out_trade_no":"XR1515755526","result_code":"SUCCESS","return_code":"SUCCESS","return_msg":"OK","sign":"67CFFB3CA15226BEA380C7A536C825FF","time_end":"20180112191215","total_fee":"1","trade_state":"SUCCESS","trade_type":"JSAPI","transaction_id":"4200000067201801122851767444"}
[2018-01-12 19:13:24][debug] order:"https:\/\/t2s.refineit.cn\/xiaorui\/public\/wxpay\/example\/notify.php"
[2018-01-12 19:13:24][debug] jsApi:"{\"appId\":\"wxace91c55ce317972\",\"nonceStr\":\"9tq5up3l089jhwplsgjik19ke14w8wb1\",\"package\":\"prepay_id=wx20180112191325a3d82e3dba0342450897\",\"signType\":\"MD5\",\"timeStamp\":\"1515755604\",\"paySign\":\"751F783F3588EF6C7A10F649D37DA9A7\"}"
[2018-01-12 19:13:29][debug] begin notify
[2018-01-12 19:13:29][debug] call back:{"appid":"wxace91c55ce317972","attach":"1","bank_type":"CFT","cash_fee":"1","fee_type":"CNY","is_subscribe":"Y","mch_id":"1475245602","nonce_str":"aymn9f3uxrbl4dija56dlgj5rhoccl14","openid":"oFS2HwjEDz7buTAqbANWOiyVsBkg","out_trade_no":"XR1515755600","result_code":"SUCCESS","return_code":"SUCCESS","sign":"B993CDAA5C70AE7FB2D00D9F17E782F8","time_end":"20180112191329","total_fee":"1","trade_type":"JSAPI","transaction_id":"4200000067201801122823413731"}
[2018-01-12 19:13:29][debug] query:{"appid":"wxace91c55ce317972","attach":"1","bank_type":"CFT","cash_fee":"1","fee_type":"CNY","is_subscribe":"Y","mch_id":"1475245602","nonce_str":"SNmpcUXW35BywmSF","openid":"oFS2HwjEDz7buTAqbANWOiyVsBkg","out_trade_no":"XR1515755600","result_code":"SUCCESS","return_code":"SUCCESS","return_msg":"OK","sign":"0DCA677FA2F8206111B9CC2E618E0275","time_end":"20180112191329","total_fee":"1","trade_state":"SUCCESS","trade_type":"JSAPI","transaction_id":"4200000067201801122823413731"}
[2018-01-12 19:17:25][debug] order:"https:\/\/t2s.refineit.cn\/xiaorui\/public\/wxpay\/example\/notify.php"
[2018-01-12 19:24:31][debug] order:"https:\/\/t2s.refineit.cn\/xiaorui\/public\/wxpay\/example\/notify.php"
[2018-01-12 19:24:31][debug] jsApi:"{\"appId\":\"wxace91c55ce317972\",\"nonceStr\":\"0qnoyabuq9jdmkc5wgbbkqj9ivub03e1\",\"package\":\"prepay_id=wx20180112192432d8d42f8bea0361108233\",\"signType\":\"MD5\",\"timeStamp\":\"1515756271\",\"paySign\":\"06AF1C22B8399D972055D7F04A19A071\"}"
[2018-01-12 19:24:36][debug] begin notify
[2018-01-12 19:24:36][debug] call back:{"appid":"wxace91c55ce317972","attach":"0","bank_type":"CFT","cash_fee":"1","fee_type":"CNY","is_subscribe":"Y","mch_id":"1475245602","nonce_str":"yjgaewn9patbfz5itffcft1caj0gg6c9","openid":"oFS2HwjEDz7buTAqbANWOiyVsBkg","out_trade_no":"XR1515756267","result_code":"SUCCESS","return_code":"SUCCESS","sign":"43BEAF17F0E8740EC723FC978DA3A71C","time_end":"20180112192437","total_fee":"1","trade_type":"JSAPI","transaction_id":"4200000053201801122864118646"}
[2018-01-12 19:24:36][debug] query:{"appid":"wxace91c55ce317972","attach":"0","bank_type":"CFT","cash_fee":"1","fee_type":"CNY","is_subscribe":"Y","mch_id":"1475245602","nonce_str":"nFWUrkKPYxBGUR0x","openid":"oFS2HwjEDz7buTAqbANWOiyVsBkg","out_trade_no":"XR1515756267","result_code":"SUCCESS","return_code":"SUCCESS","return_msg":"OK","sign":"AB1F69D779C99ADEAF2EA8251F07AA15","time_end":"20180112192437","total_fee":"1","trade_state":"SUCCESS","trade_type":"JSAPI","transaction_id":"4200000053201801122864118646"}
[2018-01-12 19:27:07][debug] order:"https:\/\/t2s.refineit.cn\/xiaorui\/public\/wxpay\/example\/notify.php"
[2018-01-12 19:27:07][debug] jsApi:"{\"appId\":\"wxace91c55ce317972\",\"nonceStr\":\"9kgqr42ivcoyi02nw5dgwfxgstt3m1qa\",\"package\":\"prepay_id=wx20180112192708c1b3663f300023035490\",\"signType\":\"MD5\",\"timeStamp\":\"1515756427\",\"paySign\":\"B88842F3E03A5C929FCABC2BBFF26C99\"}"
[2018-01-12 19:31:05][debug] order:"https:\/\/t2s.refineit.cn\/xiaorui\/public\/wxpay\/example\/notify.php"
[2018-01-12 19:31:05][debug] jsApi:"{\"appId\":\"wxace91c55ce317972\",\"nonceStr\":\"y8idahmkf8dgd7fpapad0206em4b3hhz\",\"package\":\"prepay_id=wx201801121931076d8f1cc1c50544330724\",\"signType\":\"MD5\",\"timeStamp\":\"1515756665\",\"paySign\":\"DF425C6C042F416373E80DAB1829E986\"}"
[2018-01-12 19:31:10][debug] begin notify
[2018-01-12 19:31:10][debug] call back:{"appid":"wxace91c55ce317972","attach":"0","bank_type":"CFT","cash_fee":"1","fee_type":"CNY","is_subscribe":"Y","mch_id":"1475245602","nonce_str":"9kh6j87e76rkfxq0n30u4l39b0mzi8n7","openid":"oFS2HwjEDz7buTAqbANWOiyVsBkg","out_trade_no":"XR1515756662","result_code":"SUCCESS","return_code":"SUCCESS","sign":"5F39400D49BA13524DB060CF316D4C65","time_end":"20180112193111","total_fee":"1","trade_type":"JSAPI","transaction_id":"4200000071201801122788570851"}
[2018-01-12 19:31:10][debug] query:{"appid":"wxace91c55ce317972","attach":"0","bank_type":"CFT","cash_fee":"1","fee_type":"CNY","is_subscribe":"Y","mch_id":"1475245602","nonce_str":"cBhmpifSHGrMe3ll","openid":"oFS2HwjEDz7buTAqbANWOiyVsBkg","out_trade_no":"XR1515756662","result_code":"SUCCESS","return_code":"SUCCESS","return_msg":"OK","sign":"0C4C32CFB76F1C7240F204E3C4209FF5","time_end":"20180112193111","total_fee":"1","trade_state":"SUCCESS","trade_type":"JSAPI","transaction_id":"4200000071201801122788570851"}
[2018-01-12 19:33:57][debug] order:"https:\/\/t2s.refineit.cn\/xiaorui\/public\/wxpay\/example\/notify.php"
[2018-01-12 19:33:57][debug] jsApi:"{\"appId\":\"wxace91c55ce317972\",\"nonceStr\":\"jaqcrjr30mmi3yzb8bzvquc5xas6ceht\",\"package\":\"prepay_id=wx20180112193358058ba6e4c60484941078\",\"signType\":\"MD5\",\"timeStamp\":\"1515756837\",\"paySign\":\"BC6F225777F2FB2EFAA9BB70D0A60B57\"}"
[2018-01-12 19:34:03][debug] begin notify
[2018-01-12 19:34:03][debug] call back:{"appid":"wxace91c55ce317972","attach":"0","bank_type":"CFT","cash_fee":"1","fee_type":"CNY","is_subscribe":"Y","mch_id":"1475245602","nonce_str":"5r8new6daqyhbo976ch590u116sl1lgm","openid":"oFS2HwjEDz7buTAqbANWOiyVsBkg","out_trade_no":"XR1515756832","result_code":"SUCCESS","return_code":"SUCCESS","sign":"D6A1608CB2870316B66A6B82034B07BC","time_end":"20180112193404","total_fee":"1","trade_type":"JSAPI","transaction_id":"4200000057201801122820179906"}
[2018-01-12 19:34:03][debug] query:{"appid":"wxace91c55ce317972","attach":"0","bank_type":"CFT","cash_fee":"1","fee_type":"CNY","is_subscribe":"Y","mch_id":"1475245602","nonce_str":"9el3M8C8mmhnk7f7","openid":"oFS2HwjEDz7buTAqbANWOiyVsBkg","out_trade_no":"XR1515756832","result_code":"SUCCESS","return_code":"SUCCESS","return_msg":"OK","sign":"32834B6576BBD9D10A5408D336E8E96F","time_end":"20180112193404","total_fee":"1","trade_state":"SUCCESS","trade_type":"JSAPI","transaction_id":"4200000057201801122820179906"}
[2018-01-12 21:58:38][debug] order:"https:\/\/t2s.refineit.cn\/xiaorui\/public\/wxpay\/example\/notify.php"
[2018-01-12 21:58:38][debug] jsApi:"{\"appId\":\"wxace91c55ce317972\",\"nonceStr\":\"sptxzod7wwm6dxfpw8v7von676kvub8i\",\"package\":\"prepay_id=wx20180112215839a58261a1a90861630065\",\"signType\":\"MD5\",\"timeStamp\":\"1515765518\",\"paySign\":\"FD1D447E1CCF2E37D955988CEDA4E1CA\"}"
[2018-01-12 21:58:46][debug] begin notify
[2018-01-12 21:58:46][debug] call back:{"appid":"wxace91c55ce317972","attach":"1","bank_type":"CFT","cash_fee":"1","fee_type":"CNY","is_subscribe":"Y","mch_id":"1475245602","nonce_str":"xosv4lehzedix5cduf5vt050myjfwiz6","openid":"oFS2HwrKoXZ5sHnnvJDC_2x_5zlk","out_trade_no":"XR1515765512","result_code":"SUCCESS","return_code":"SUCCESS","sign":"E47B2DFA110CDAAD4500D617548926F6","time_end":"20180112215847","total_fee":"1","trade_type":"JSAPI","transaction_id":"4200000053201801123004475582"}
[2018-01-12 21:58:46][debug] query:{"appid":"wxace91c55ce317972","attach":"1","bank_type":"CFT","cash_fee":"1","fee_type":"CNY","is_subscribe":"Y","mch_id":"1475245602","nonce_str":"pPHgxyVc3gd1HLjX","openid":"oFS2HwrKoXZ5sHnnvJDC_2x_5zlk","out_trade_no":"XR1515765512","result_code":"SUCCESS","return_code":"SUCCESS","return_msg":"OK","sign":"D8CE9BCBED882DD6F29480CF5BB085DF","time_end":"20180112215847","total_fee":"1","trade_state":"SUCCESS","trade_type":"JSAPI","transaction_id":"4200000053201801123004475582"}
[2018-01-12 21:59:26][debug] order:"https:\/\/t2s.refineit.cn\/xiaorui\/public\/wxpay\/example\/notify.php"
[2018-01-12 21:59:26][debug] jsApi:"{\"appId\":\"wxace91c55ce317972\",\"nonceStr\":\"tm9rr6xnej6rshor04obdrvnf275err9\",\"package\":\"prepay_id=wx201801122159279966fceb710193538246\",\"signType\":\"MD5\",\"timeStamp\":\"1515765566\",\"paySign\":\"6660740216261AF87A0D081E0392A05C\"}"
[2018-01-12 22:02:35][debug] order:"https:\/\/t2s.refineit.cn\/xiaorui\/public\/wxpay\/example\/notify.php"
[2018-01-12 22:02:35][debug] jsApi:"{\"appId\":\"wxace91c55ce317972\",\"nonceStr\":\"bp7lfy6wi4cxl1vjlpo27zymje8d2cw1\",\"package\":\"prepay_id=wx20180112220236d8ed1e258b0434626060\",\"signType\":\"MD5\",\"timeStamp\":\"1515765755\",\"paySign\":\"5F3FF275FDD93CD911B4F513AD370FE6\"}"
[2018-01-12 22:02:43][debug] begin notify
[2018-01-12 22:02:43][debug] call back:{"appid":"wxace91c55ce317972","attach":"0","bank_type":"CFT","cash_fee":"1","fee_type":"CNY","is_subscribe":"Y","mch_id":"1475245602","nonce_str":"o46m9yd26mhgo9h2aof5amvrcdb7mva3","openid":"oFS2HwrKoXZ5sHnnvJDC_2x_5zlk","out_trade_no":"XR1515765751","result_code":"SUCCESS","return_code":"SUCCESS","sign":"99BB6FB94F3AAB750E87F3762608CE11","time_end":"20180112220244","total_fee":"1","trade_type":"JSAPI","transaction_id":"4200000071201801123037867250"}
[2018-01-12 22:02:43][debug] query:{"appid":"wxace91c55ce317972","attach":"0","bank_type":"CFT","cash_fee":"1","fee_type":"CNY","is_subscribe":"Y","mch_id":"1475245602","nonce_str":"TISat0jbEta36zh0","openid":"oFS2HwrKoXZ5sHnnvJDC_2x_5zlk","out_trade_no":"XR1515765751","result_code":"SUCCESS","return_code":"SUCCESS","return_msg":"OK","sign":"FDDAF983DF1507C97F6EE0DACFD7634E","time_end":"20180112220244","total_fee":"1","trade_state":"SUCCESS","trade_type":"JSAPI","transaction_id":"4200000071201801123037867250"}
